[2.007s] DEBUG:colcon:Command line arguments: ['/usr/bin/colcon', 'build', '--packages-select', 'camera_node']
[2.007s] DEBUG:colcon:Parsed command line arguments: Namespace(log_base=None, log_level=None, verb_name='build', build_base='build', install_base='install', merge_install=False, symlink_install=False, test_result_base=None, continue_on_error=False, executor='parallel', parallel_workers=8, event_handlers=None, ignore_user_meta=False, metas=['./colcon.meta'], base_paths=['.'], packages_ignore=None, packages_ignore_regex=None, paths=None, packages_up_to=None, packages_up_to_regex=None, packages_above=None, packages_above_and_dependencies=None, packages_above_depth=None, packages_select_by_dep=None, packages_skip_by_dep=None, packages_skip_up_to=None, packages_select_build_failed=False, packages_skip_build_finished=False, packages_select_test_failures=False, packages_skip_test_passed=False, packages_select=['camera_node'], packages_skip=None, packages_select_regex=None, packages_skip_regex=None, packages_start=None, packages_end=None, cmake_args=None, cmake_target=None, cmake_target_skip_unavailable=False, cmake_clean_cache=False, cmake_clean_first=False, cmake_force_configure=False, ament_cmake_args=None, catkin_cmake_args=None, catkin_skip_building_tests=False, mixin_files=None, mixin=None, verb_parser=<colcon_mixin.mixin.mixin_argument.MixinArgumentDecorator object at 0xffffa0900850>, verb_extension=<colcon_core.verb.build.BuildVerb object at 0xffffa0900d00>, main=<bound method BuildVerb.main of <colcon_core.verb.build.BuildVerb object at 0xffffa0900d00>>, mixin_verb=('build',))
[2.100s] Level 1:colcon.colcon_core.package_discovery:discover_packages(colcon_meta) check parameters
[2.101s] Level 1:colcon.colcon_core.package_discovery:discover_packages(recursive) check parameters
[2.101s] Level 1:colcon.colcon_core.package_discovery:discover_packages(ignore) check parameters
[2.101s] Level 1:colcon.colcon_core.package_discovery:discover_packages(path) check parameters
[2.101s] Level 1:colcon.colcon_core.package_discovery:discover_packages(colcon_meta) discover
[2.101s] Level 1:colcon.colcon_core.package_discovery:discover_packages(recursive) discover
[2.101s] INFO:colcon.colcon_core.package_discovery:Crawling recursively for packages in '/home/irvlab/rishi_joshi_ws/src/camera_node'
[2.101s] Level 1:colcon.colcon_core.package_identification:_identify(.) by extensions ['ignore', 'ignore_ament_install']
[2.102s] Level 1:colcon.colcon_core.package_identification:_identify(.) by extension 'ignore'
[2.102s] Level 1:colcon.colcon_core.package_identification:_identify(.) by extension 'ignore_ament_install'
[2.102s] Level 1:colcon.colcon_core.package_identification:_identify(.) by extensions ['colcon_pkg']
[2.102s] Level 1:colcon.colcon_core.package_identification:_identify(.) by extension 'colcon_pkg'
[2.102s] Level 1:colcon.colcon_core.package_identification:_identify(.) by extensions ['colcon_meta']
[2.102s] Level 1:colcon.colcon_core.package_identification:_identify(.) by extension 'colcon_meta'
[2.102s] Level 1:colcon.colcon_core.package_identification:_identify(.) by extensions ['ros']
[2.102s] Level 1:colcon.colcon_core.package_identification:_identify(.) by extension 'ros'
[2.132s] DEBUG:colcon.colcon_core.package_identification:Package '.' with type 'ros.ament_python' and name 'camera_node'
[2.132s] Level 1:colcon.colcon_core.package_discovery:discover_packages(recursive) using defaults
[2.132s] Level 1:colcon.colcon_core.package_discovery:discover_packages(ignore) discover
[2.132s] Level 1:colcon.colcon_core.package_discovery:discover_packages(ignore) using defaults
[2.132s] Level 1:colcon.colcon_core.package_discovery:discover_packages(path) discover
[2.132s] Level 1:colcon.colcon_core.package_discovery:discover_packages(path) using defaults
[2.263s] Level 5:colcon.colcon_core.verb:set package 'camera_node' build argument 'cmake_args' from command line to 'None'
[2.263s] Level 5:colcon.colcon_core.verb:set package 'camera_node' build argument 'cmake_target' from command line to 'None'
[2.263s] Level 5:colcon.colcon_core.verb:set package 'camera_node' build argument 'cmake_target_skip_unavailable' from command line to 'False'
[2.263s] Level 5:colcon.colcon_core.verb:set package 'camera_node' build argument 'cmake_clean_cache' from command line to 'False'
[2.263s] Level 5:colcon.colcon_core.verb:set package 'camera_node' build argument 'cmake_clean_first' from command line to 'False'
[2.263s] Level 5:colcon.colcon_core.verb:set package 'camera_node' build argument 'cmake_force_configure' from command line to 'False'
[2.263s] Level 5:colcon.colcon_core.verb:set package 'camera_node' build argument 'ament_cmake_args' from command line to 'None'
[2.264s] Level 5:colcon.colcon_core.verb:set package 'camera_node' build argument 'catkin_cmake_args' from command line to 'None'
[2.264s] Level 5:colcon.colcon_core.verb:set package 'camera_node' build argument 'catkin_skip_building_tests' from command line to 'False'
[2.264s] DEBUG:colcon.colcon_core.verb:Building package 'camera_node' with the following arguments: {'ament_cmake_args': None, 'build_base': '/home/irvlab/rishi_joshi_ws/src/camera_node/build/camera_node', 'catkin_cmake_args': None, 'catkin_skip_building_tests': False, 'cmake_args': None, 'cmake_clean_cache': False, 'cmake_clean_first': False, 'cmake_force_configure': False, 'cmake_target': None, 'cmake_target_skip_unavailable': False, 'install_base': '/home/irvlab/rishi_joshi_ws/src/camera_node/install/camera_node', 'merge_install': False, 'path': '/home/irvlab/rishi_joshi_ws/src/camera_node', 'symlink_install': False, 'test_result_base': None}
[2.285s] INFO:colcon.colcon_core.executor:Executing jobs using 'parallel' executor
[2.309s] DEBUG:colcon.colcon_parallel_executor.executor.parallel:run_until_complete
[2.310s] INFO:colcon.colcon_ros.task.ament_python.build:Building ROS package in '/home/irvlab/rishi_joshi_ws/src/camera_node' with build type 'ament_python'
[2.310s] Level 1:colcon.colcon_core.shell:create_environment_hook('camera_node', 'ament_prefix_path')
[2.337s] INFO:colcon.colcon_core.plugin_system:Skipping extension 'colcon_core.shell.bat': Not used on non-Windows systems
[2.337s] INFO:colcon.colcon_core.shell:Creating environment hook '/home/irvlab/rishi_joshi_ws/src/camera_node/install/camera_node/share/camera_node/hook/ament_prefix_path.ps1'
[2.339s] INFO:colcon.colcon_core.shell:Creating environment descriptor '/home/irvlab/rishi_joshi_ws/src/camera_node/install/camera_node/share/camera_node/hook/ament_prefix_path.dsv'
[2.340s] INFO:colcon.colcon_core.shell:Creating environment hook '/home/irvlab/rishi_joshi_ws/src/camera_node/install/camera_node/share/camera_node/hook/ament_prefix_path.sh'
[2.363s] INFO:colcon.colcon_core.shell:Skip shell extension 'powershell' for command environment: Not usable outside of PowerShell
[2.363s] DEBUG:colcon.colcon_core.shell:Skip shell extension 'dsv' for command environment
[2.897s] WARNING:colcon.colcon_ros.task.ament_python.build:Package 'camera_node' doesn't explicitly install a marker in the package index (colcon-ros currently does it implicitly but that fallback will be removed in the future)
[2.898s] INFO:colcon.colcon_core.task.python.build:Building Python package in '/home/irvlab/rishi_joshi_ws/src/camera_node'
[2.922s] INFO:colcon.colcon_core.shell:Skip shell extension 'powershell' for command environment: Not usable outside of PowerShell
[2.922s] DEBUG:colcon.colcon_core.shell:Skip shell extension 'dsv' for command environment
[3.623s] DEBUG:colcon.colcon_core.event_handler.log_command:Invoking command in '/home/irvlab/rishi_joshi_ws/src/camera_node': PYTHONPATH=/home/irvlab/rishi_joshi_ws/src/camera_node/build/camera_node/prefix_override:/home/irvlab/rishi_joshi_ws/src/camera_node/install/camera_node/lib/python3.10/site-packages:${PYTHONPATH} /usr/bin/python3 setup.py egg_info --egg-base build/camera_node build --build-base /home/irvlab/rishi_joshi_ws/src/camera_node/build/camera_node/build install --record /home/irvlab/rishi_joshi_ws/src/camera_node/build/camera_node/install.log --single-version-externally-managed
[4.329s] DEBUG:colcon.colcon_core.event_handler.log_command:Invoked command in '/home/irvlab/rishi_joshi_ws/src/camera_node' returned '0': PYTHONPATH=/home/irvlab/rishi_joshi_ws/src/camera_node/build/camera_node/prefix_override:/home/irvlab/rishi_joshi_ws/src/camera_node/install/camera_node/lib/python3.10/site-packages:${PYTHONPATH} /usr/bin/python3 setup.py egg_info --egg-base build/camera_node build --build-base /home/irvlab/rishi_joshi_ws/src/camera_node/build/camera_node/build install --record /home/irvlab/rishi_joshi_ws/src/camera_node/build/camera_node/install.log --single-version-externally-managed
[4.336s] Level 1:colcon.colcon_core.environment:checking '/home/irvlab/rishi_joshi_ws/src/camera_node/install/camera_node' for CMake module files
[4.337s] Level 1:colcon.colcon_core.environment:checking '/home/irvlab/rishi_joshi_ws/src/camera_node/install/camera_node' for CMake config files
[4.339s] Level 1:colcon.colcon_core.environment:checking '/home/irvlab/rishi_joshi_ws/src/camera_node/install/camera_node/lib'
[4.340s] Level 1:colcon.colcon_core.environment:checking '/home/irvlab/rishi_joshi_ws/src/camera_node/install/camera_node/bin'
[4.340s] Level 1:colcon.colcon_core.environment:checking '/home/irvlab/rishi_joshi_ws/src/camera_node/install/camera_node/lib/pkgconfig/camera_node.pc'
[4.341s] Level 1:colcon.colcon_core.environment:checking '/home/irvlab/rishi_joshi_ws/src/camera_node/install/camera_node/lib/python3.10/site-packages'
[4.341s] Level 1:colcon.colcon_core.shell:create_environment_hook('camera_node', 'pythonpath')
[4.365s] INFO:colcon.colcon_core.shell:Creating environment hook '/home/irvlab/rishi_joshi_ws/src/camera_node/install/camera_node/share/camera_node/hook/pythonpath.ps1'
[4.366s] INFO:colcon.colcon_core.shell:Creating environment descriptor '/home/irvlab/rishi_joshi_ws/src/camera_node/install/camera_node/share/camera_node/hook/pythonpath.dsv'
[4.367s] INFO:colcon.colcon_core.shell:Creating environment hook '/home/irvlab/rishi_joshi_ws/src/camera_node/install/camera_node/share/camera_node/hook/pythonpath.sh'
[4.368s] Level 1:colcon.colcon_core.environment:checking '/home/irvlab/rishi_joshi_ws/src/camera_node/install/camera_node/bin'
[4.368s] Level 1:colcon.colcon_core.environment:create_environment_scripts_only(camera_node)
[4.392s] INFO:colcon.colcon_core.shell:Creating package script '/home/irvlab/rishi_joshi_ws/src/camera_node/install/camera_node/share/camera_node/package.ps1'
[4.394s] INFO:colcon.colcon_core.shell:Creating package descriptor '/home/irvlab/rishi_joshi_ws/src/camera_node/install/camera_node/share/camera_node/package.dsv'
[4.396s] INFO:colcon.colcon_core.shell:Creating package script '/home/irvlab/rishi_joshi_ws/src/camera_node/install/camera_node/share/camera_node/package.sh'
[4.397s] INFO:colcon.colcon_core.shell:Creating package script '/home/irvlab/rishi_joshi_ws/src/camera_node/install/camera_node/share/camera_node/package.bash'
[4.398s] INFO:colcon.colcon_core.shell:Creating package script '/home/irvlab/rishi_joshi_ws/src/camera_node/install/camera_node/share/camera_node/package.zsh'
[4.399s] Level 1:colcon.colcon_core.environment:create_file_with_runtime_dependencies(/home/irvlab/rishi_joshi_ws/src/camera_node/install/camera_node/share/colcon-core/packages/camera_node)
[4.400s] DEBUG:colcon.colcon_parallel_executor.executor.parallel:closing loop
[4.401s] DEBUG:colcon.colcon_parallel_executor.executor.parallel:loop closed
[4.401s] DEBUG:colcon.colcon_parallel_executor.executor.parallel:run_until_complete finished with '0'
[4.402s] DEBUG:colcon.colcon_core.event_reactor:joining thread
[4.434s] INFO:colcon.colcon_core.plugin_system:Skipping extension 'colcon_notification.desktop_notification.notify_send': Could not find 'notify-send'
[4.434s] INFO:colcon.colcon_core.plugin_system:Skipping extension 'colcon_notification.desktop_notification.terminal_notifier': Not used on non-Darwin systems
[4.434s] INFO:colcon.colcon_core.plugin_system:Skipping extension 'colcon_notification.desktop_notification.win32': Not used on non-Windows systems
[4.435s] INFO:colcon.colcon_notification.desktop_notification:Sending desktop notification using 'notify2'
[4.435s] DEBUG:colcon.colcon_notification.desktop_notification.notify2:Failed to initialize notify2: org.freedesktop.DBus.Error.NotSupported: Unable to autolaunch a dbus-daemon without a $DISPLAY for X11
[4.435s] DEBUG:colcon.colcon_core.event_reactor:joined thread
[4.457s] INFO:colcon.colcon_core.shell:Creating prefix script '/home/irvlab/rishi_joshi_ws/src/camera_node/install/local_setup.ps1'
[4.459s] INFO:colcon.colcon_core.shell:Creating prefix util module '/home/irvlab/rishi_joshi_ws/src/camera_node/install/_local_setup_util_ps1.py'
[4.462s] INFO:colcon.colcon_core.shell:Creating prefix chain script '/home/irvlab/rishi_joshi_ws/src/camera_node/install/setup.ps1'
[4.485s] INFO:colcon.colcon_core.shell:Creating prefix script '/home/irvlab/rishi_joshi_ws/src/camera_node/install/local_setup.sh'
[4.486s] INFO:colcon.colcon_core.shell:Creating prefix util module '/home/irvlab/rishi_joshi_ws/src/camera_node/install/_local_setup_util_sh.py'
[4.487s] INFO:colcon.colcon_core.shell:Creating prefix chain script '/home/irvlab/rishi_joshi_ws/src/camera_node/install/setup.sh'
[4.512s] INFO:colcon.colcon_core.shell:Creating prefix script '/home/irvlab/rishi_joshi_ws/src/camera_node/install/local_setup.bash'
[4.513s] INFO:colcon.colcon_core.shell:Creating prefix chain script '/home/irvlab/rishi_joshi_ws/src/camera_node/install/setup.bash'
[4.536s] INFO:colcon.colcon_core.shell:Creating prefix script '/home/irvlab/rishi_joshi_ws/src/camera_node/install/local_setup.zsh'
[4.537s] INFO:colcon.colcon_core.shell:Creating prefix chain script '/home/irvlab/rishi_joshi_ws/src/camera_node/install/setup.zsh'
