/home/irvlab/rishi_joshi_ws/src/camera_node/install/camera_node/lib/python3.10/site-packages/camera_node/hand_detection_node.py
/home/irvlab/rishi_joshi_ws/src/camera_node/install/camera_node/lib/python3.10/site-packages/camera_node/__init__.py
/home/irvlab/rishi_joshi_ws/src/camera_node/install/camera_node/lib/python3.10/site-packages/camera_node/pose_detection_node.py
/home/irvlab/rishi_joshi_ws/src/camera_node/install/camera_node/lib/python3.10/site-packages/camera_node/gesture_recognizer.py
/home/irvlab/rishi_joshi_ws/src/camera_node/install/camera_node/lib/python3.10/site-packages/camera_node/visualization_node.py
/home/irvlab/rishi_joshi_ws/src/camera_node/install/camera_node/lib/python3.10/site-packages/camera_node/gesture_recognition_node.py
/home/irvlab/rishi_joshi_ws/src/camera_node/install/camera_node/lib/python3.10/site-packages/camera_node/backup_gesture_recognizer.py
/home/irvlab/rishi_joshi_ws/src/camera_node/install/camera_node/lib/python3.10/site-packages/camera_node/__pycache__/hand_detection_node.cpython-310.pyc
/home/irvlab/rishi_joshi_ws/src/camera_node/install/camera_node/lib/python3.10/site-packages/camera_node/__pycache__/__init__.cpython-310.pyc
/home/irvlab/rishi_joshi_ws/src/camera_node/install/camera_node/lib/python3.10/site-packages/camera_node/__pycache__/pose_detection_node.cpython-310.pyc
/home/irvlab/rishi_joshi_ws/src/camera_node/install/camera_node/lib/python3.10/site-packages/camera_node/__pycache__/gesture_recognizer.cpython-310.pyc
/home/irvlab/rishi_joshi_ws/src/camera_node/install/camera_node/lib/python3.10/site-packages/camera_node/__pycache__/visualization_node.cpython-310.pyc
/home/irvlab/rishi_joshi_ws/src/camera_node/install/camera_node/lib/python3.10/site-packages/camera_node/__pycache__/gesture_recognition_node.cpython-310.pyc
/home/irvlab/rishi_joshi_ws/src/camera_node/install/camera_node/lib/python3.10/site-packages/camera_node/__pycache__/backup_gesture_recognizer.cpython-310.pyc
/home/irvlab/rishi_joshi_ws/src/camera_node/install/camera_node/share/ament_index/resource_index/packages/camera_node
/home/irvlab/rishi_joshi_ws/src/camera_node/install/camera_node/share/camera_node/package.xml
/home/irvlab/rishi_joshi_ws/src/camera_node/install/camera_node/share/camera_node/resource/camera_node
/home/irvlab/rishi_joshi_ws/src/camera_node/install/camera_node/share/camera_node/resource/barbados_trial.json
/home/irvlab/rishi_joshi_ws/src/camera_node/install/camera_node/share/camera_node/launch/backup_online_osg_launch.py
/home/irvlab/rishi_joshi_ws/src/camera_node/install/camera_node/share/camera_node/launch/online_osg_launch.py
/home/irvlab/rishi_joshi_ws/src/camera_node/install/camera_node/lib/python3.10/site-packages/camera_node-0.0.0-py3.10.egg-info/zip-safe
/home/irvlab/rishi_joshi_ws/src/camera_node/install/camera_node/lib/python3.10/site-packages/camera_node-0.0.0-py3.10.egg-info/dependency_links.txt
/home/irvlab/rishi_joshi_ws/src/camera_node/install/camera_node/lib/python3.10/site-packages/camera_node-0.0.0-py3.10.egg-info/top_level.txt
/home/irvlab/rishi_joshi_ws/src/camera_node/install/camera_node/lib/python3.10/site-packages/camera_node-0.0.0-py3.10.egg-info/SOURCES.txt
/home/irvlab/rishi_joshi_ws/src/camera_node/install/camera_node/lib/python3.10/site-packages/camera_node-0.0.0-py3.10.egg-info/PKG-INFO
/home/irvlab/rishi_joshi_ws/src/camera_node/install/camera_node/lib/python3.10/site-packages/camera_node-0.0.0-py3.10.egg-info/requires.txt
/home/irvlab/rishi_joshi_ws/src/camera_node/install/camera_node/lib/python3.10/site-packages/camera_node-0.0.0-py3.10.egg-info/entry_points.txt
/home/irvlab/rishi_joshi_ws/src/camera_node/install/camera_node/lib/camera_node/camera_node
/home/irvlab/rishi_joshi_ws/src/camera_node/install/camera_node/lib/camera_node/gesture_recognition_node
/home/irvlab/rishi_joshi_ws/src/camera_node/install/camera_node/lib/camera_node/hand_detection_node
/home/irvlab/rishi_joshi_ws/src/camera_node/install/camera_node/lib/camera_node/pose_detection_node
/home/irvlab/rishi_joshi_ws/src/camera_node/install/camera_node/lib/camera_node/visualization_node
